2:	syntax error at ') {', didn't see one of: case elsif for foreach given if switch unless until when while

12: // alert ("getBib called")
    -- ^                      
found bareword where operator expected (previous token underlined)

13: var url=atamishky_home_dir+"ajax.php"
    ^                                    
found bareword where operator expected

Missing ';' above?

14: url=url+"?action=showbib&pub="+pub
    ^                                 
found bareword where operator expected

Missing ';' above?

16: xmlHttp.onreadystatechange=function () { 
    ^                                        
found bareword where operator expected

Missing ';' above?
16:	syntax error at ') {', didn't see one of: case elsif for foreach given if switch unless until when while

20: xmlHttp.send(null)
    ^                 
found bareword where operator expected

Missing ';' above?
